1
0
100000
0
1
0
25024
25122
25151
25044
25186
24749
25038
24893
24937
24912
24924
25194
25136
24946
24848
25069
25083
25103
25046
25089
25155
25137
25163
25095
24762
24931
24918
25069
25227
25092
25069
25330
24973
25126
24946
25040
24769
25105
24927
25008
25071
24901
25139
24940
24952
25136
24989
25163
24726
25158
24910
25039
25056
24923
25142
25039
25104
25030
24898
25129
24809
24997
25016
25298
24843
24835
25259
25188
25249
25186
24921
24877
25034
25049
24724
25180
25170
24826
25202
24856
25105
24797
25220
24823
24983
24909
25175
14
10
4
0
11
3
114
